[09:30:43] [main/INFO]: Setting user: Player661
[09:30:46] [Client thread/INFO]: LWJGL Version: 2.9.1
[09:30:47] [Client thread/ERROR]: Couldn't initialize twitch stream
[09:31:05] [Client thread/INFO]: Reloading ResourceManager: Default, FMLFileResourcePack:Forge Mod Loader, FMLFileResourcePack:Minecraft Forge, FMLFileResourcePack:PowerCraft
[09:31:07] [Sound Library Loader/INFO]: Sound engine started
[09:31:08] [Client thread/INFO]: Created: 16x16 textures/blocks-atlas
[09:31:08] [Client thread/INFO]: Created: 16x16 textures/items-atlas
[09:31:08] [Client thread/INFO]: Reloading ResourceManager: Default, FMLFileResourcePack:Forge Mod Loader, FMLFileResourcePack:Minecraft Forge, FMLFileResourcePack:PowerCraft
[09:31:09] [Client thread/INFO]: Created: 256x256 textures/items-atlas
[09:31:10] [Client thread/INFO]: Created: 512x256 textures/blocks-atlas
[09:31:11] [Sound Library Loader/INFO]: Sound engine started
[09:31:37] [Server thread/INFO]: Starting integrated minecraft server version 1.7.10
[09:31:37] [Server thread/INFO]: Generating keypair
[09:31:37] [Server thread/INFO]: Preparing start region for level 0
[09:31:38] [Server thread/INFO]: Changing view distance to 12, from 10
[09:31:39] [Server thread/INFO]: Player661[local:E:8ccda29c] logged in with entity id 5 at (208.9688283758745, 56.0, 66.68013691336591)
[09:31:39] [Server thread/INFO]: Player661 joined the game
[09:31:44] [Server thread/INFO]: Player661 has just earned the achievement [Taking Inventory]
[09:31:44] [Client thread/INFO]: [CHAT] Player661 has just earned the achievement [Taking Inventory]
[09:34:00] [Server thread/INFO]: Saving and pausing game...
[09:34:00] [Server thread/INFO]: Saving chunks for level 'New World'/Overworld
[09:34:01] [Server thread/INFO]: Saving chunks for level 'New World'/Nether
[09:34:01] [Server thread/INFO]: Saving chunks for level 'New World'/The End
[09:34:01] [Server thread/INFO]: Stopping server
[09:34:01] [Server thread/INFO]: Saving players
[09:34:01] [Server thread/INFO]: Saving worlds
[09:34:01] [Server thread/INFO]: Saving chunks for level 'New World'/Overworld
[09:34:01] [Server thread/INFO]: Saving chunks for level 'New World'/Nether
[09:34:01] [Server thread/INFO]: Saving chunks for level 'New World'/The End
[09:34:03] [Client thread/INFO]: Stopping!
